<?xml version="1.0" encoding="UTF-8"?>
<robot generator="Robot 6.0.1 (Python 3.9.6 on darwin)" generated="20221213 13:41:08.707" rpa="true" schemaversion="3">
<suite id="s1" name="UI TestCases" source="/Users/smritisharma/PycharmProjects/CodeChallenge/UI_TestCases.robot">
<test id="s1-t1" name="Go To Site" line="15">
<kw name="Test Initialize Page" library="test_main">
<var>${page}</var>
<arg>${PAGE_LINK}</arg>
<arg>${Browser}</arg>
<msg timestamp="20221213 13:41:35.665" level="INFO">Opened browser with link</msg>
<msg timestamp="20221213 13:41:45.672" level="INFO">${page} = &lt;selenium.webdriver.chrome.webdriver.WebDriver (session="5aeceb1ce0ccfdc64affb5368201619d")&gt;</msg>
<status status="PASS" starttime="20221213 13:41:08.773" endtime="20221213 13:41:45.672"/>
</kw>
<kw name="Set Global Variable" library="BuiltIn">
<arg>${page}</arg>
<doc>Makes a variable available globally in all tests and suites.</doc>
<msg timestamp="20221213 13:41:45.676" level="INFO">${page} = &lt;selenium.webdriver.chrome.webdriver.WebDriver (session="5aeceb1ce0ccfdc64affb5368201619d")&gt;</msg>
<status status="PASS" starttime="20221213 13:41:45.674" endtime="20221213 13:41:45.676"/>
</kw>
<status status="PASS" starttime="20221213 13:41:08.773" endtime="20221213 13:41:45.677"/>
</test>
<test id="s1-t2" name="Validate Title" line="19">
<kw name="Test Validate Title" library="test_main">
<var>${title_same}</var>
<arg>${page}</arg>
<arg>${expected_Title}</arg>
<msg timestamp="20221213 13:41:45.703" level="INFO">Bewertungen Zu Jalousiescout.De</msg>
<msg timestamp="20221213 13:41:45.704" level="INFO">${title_same} = True</msg>
<status status="PASS" starttime="20221213 13:41:45.678" endtime="20221213 13:41:45.704"/>
</kw>
<kw name="Should Be True" library="BuiltIn">
<arg>${title_same}</arg>
<doc>Fails if the given condition is not true.</doc>
<status status="PASS" starttime="20221213 13:41:45.704" endtime="20221213 13:41:45.704"/>
</kw>
<status status="PASS" starttime="20221213 13:41:45.677" endtime="20221213 13:41:45.705"/>
</test>
<test id="s1-t3" name="Validate Grade Displayed And Has Value" line="23">
<kw name="Validate Grade" library="test_main">
<var>${grade_present}</var>
<var>${msg}</var>
<arg>${page}</arg>
<arg>${grade_range}</arg>
<msg timestamp="20221213 13:41:45.865" level="INFO">Grade present on webpage with grade 4</msg>
<msg timestamp="20221213 13:41:45.866" level="INFO">${grade_present} = True</msg>
<msg timestamp="20221213 13:41:45.866" level="INFO">${msg} = grade present and above the provided range</msg>
<status status="PASS" starttime="20221213 13:41:45.705" endtime="20221213 13:41:45.866"/>
</kw>
<kw name="Should Be True" library="BuiltIn">
<arg>${grade_present}</arg>
<arg>${msg}</arg>
<doc>Fails if the given condition is not true.</doc>
<status status="PASS" starttime="20221213 13:41:45.866" endtime="20221213 13:41:45.866"/>
</kw>
<status status="PASS" starttime="20221213 13:41:45.705" endtime="20221213 13:41:45.866"/>
</test>
<test id="s1-t4" name="Validate The Info Icon" line="27">
<kw name="Validate Info Icon" library="test_main">
<var>${icon_present}</var>
<arg>${page}</arg>
<msg timestamp="20221213 13:41:54.439" level="INFO">Icon present and is clickable</msg>
<msg timestamp="20221213 13:41:54.439" level="INFO">${icon_present} = True</msg>
<status status="PASS" starttime="20221213 13:41:45.866" endtime="20221213 13:41:54.439"/>
</kw>
<kw name="Should Be True" library="BuiltIn">
<arg>${icon_present}</arg>
<doc>Fails if the given condition is not true.</doc>
<status status="PASS" starttime="20221213 13:41:54.440" endtime="20221213 13:41:54.440"/>
</kw>
<status status="PASS" starttime="20221213 13:41:45.866" endtime="20221213 13:41:54.440"/>
</test>
<test id="s1-t5" name="Validate Review On The Page" line="31">
<kw name="Validate Reviews" library="test_main">
<var>${all_review_one}</var>
<arg>${page}</arg>
<msg timestamp="20221213 13:42:05.557" level="INFO">All the reviews in the page has 1 star</msg>
<msg timestamp="20221213 13:42:05.557" level="INFO">${all_review_one} = True</msg>
<status status="PASS" starttime="20221213 13:41:54.440" endtime="20221213 13:42:05.557"/>
</kw>
<kw name="Should Be True" library="BuiltIn">
<arg>${all_review_one}</arg>
<doc>Fails if the given condition is not true.</doc>
<status status="PASS" starttime="20221213 13:42:05.557" endtime="20221213 13:42:05.557"/>
</kw>
<status status="PASS" starttime="20221213 13:41:54.440" endtime="20221213 13:42:05.557"/>
</test>
<test id="s1-t6" name="Validate The Sum Of Percentage" line="35">
<kw name="Calculate Percent Sum" library="test_main">
<var>${is_sum_as_expected}</var>
<arg>${page}</arg>
<msg timestamp="20221213 13:42:05.664" level="INFO">Total percentage of all reviews 100</msg>
<msg timestamp="20221213 13:42:05.664" level="INFO">1
2 %
2
1 %
3
1 %
4
11 %
5
85 %</msg>
<msg timestamp="20221213 13:42:05.664" level="INFO">${is_sum_as_expected} = True</msg>
<status status="PASS" starttime="20221213 13:42:05.558" endtime="20221213 13:42:05.664"/>
</kw>
<kw name="Should Be True" library="BuiltIn">
<arg>${is_sum_as_expected}</arg>
<doc>Fails if the given condition is not true.</doc>
<status status="PASS" starttime="20221213 13:42:05.664" endtime="20221213 13:42:05.664"/>
</kw>
<status status="PASS" starttime="20221213 13:42:05.558" endtime="20221213 13:42:05.665"/>
</test>
<test id="s1-t7" name="Quit Browser After Tests" line="39">
<kw name="Close Window" library="test_main">
<arg>${page}</arg>
<status status="PASS" starttime="20221213 13:42:05.665" endtime="20221213 13:42:05.738"/>
</kw>
<status status="PASS" starttime="20221213 13:42:05.665" endtime="20221213 13:42:05.738"/>
</test>
<doc>A test suite to test some features of provided webpage.

The workflow of this test is is created using keywords in
imported resource file below.</doc>
<status status="PASS" starttime="20221213 13:41:08.708" endtime="20221213 13:42:05.739"/>
</suite>
<statistics>
<total>
<stat pass="7" fail="0" skip="0">All Tasks</stat>
</total>
<tag>
</tag>
<suite>
<stat pass="7" fail="0" skip="0" id="s1" name="UI TestCases">UI TestCases</stat>
</suite>
</statistics>
<errors>
</errors>
</robot>
